<?xml version="1.0" encoding="utf-8"?>
<test-run id="2" name="MoneySharp.Test.exe" fullname="C:/projects/moneysharp/test/MoneySharp.Test/bin/Debug/net451/win10-x64/MoneySharp.Test.exe" testcasecount="25" result="Failed" start-time="2016-09-01 14:39:10Z" end-time="2016-09-01 14:39:10Z" duration="0.687497" total="25" passed="24" failed="1" inconclusive="0" skipped="0" asserts="0" random-seed="953301388">
  <command-line><![CDATA["C:\projects\moneysharp\test\MoneySharp.Test\bin\Debug\net451\win10-x64\MoneySharp.Test.exe"]]></command-line>
  <filter />
  <test-suite type="Assembly" id="1032" name="MoneySharp.Test.exe" fullname="C:/projects/moneysharp/test/MoneySharp.Test/bin/Debug/net451/win10-x64/MoneySharp.Test.exe" runstate="Runnable" testcasecount="25" result="Failed" site="Child" start-time="2016-09-01 14:39:10Z" end-time="2016-09-01 14:39:10Z" duration="0.687497" total="25" passed="24" failed="1" inconclusive="0" skipped="0" asserts="0">
    <environment framework-version="3.4.1.0" clr-version="4.0.30319.42000" os-version="Microsoft Windows NT 6.2.9200.0" platform="Win32NT" cwd="C:\projects\moneysharp\test\MoneySharp.Test" machine-name="DESKTOP-3I362E2" user="maartenmensink" user-domain="DESKTOP-3I362E2" culture="nl-NL" uiculture="en-US" os-architecture="x64" />
    <settings>
      <setting name="WorkDirectory" value="C:\projects\moneysharp\test\MoneySharp.Test" />
      <setting name="NumberOfTestWorkers" value="8" />
    </settings>
    <properties>
      <property name="_PID" value="1452" />
      <property name="_APPDOMAIN" value="MoneySharp.Test.exe" />
    </properties>
    <failure>
      <message><![CDATA[One or more child tests had errors]]></message>
    </failure>
    <test-suite type="TestSuite" id="1033" name="MoneySharp" fullname="MoneySharp" runstate="Runnable" testcasecount="25" result="Failed" site="Child" start-time="2016-09-01 14:39:10Z" end-time="2016-09-01 14:39:10Z" duration="0.676579" total="25" passed="24" failed="1" inconclusive="0" skipped="0" asserts="0">
      <failure>
        <message><![CDATA[One or more child tests had errors]]></message>
      </failure>
      <test-suite type="TestSuite" id="1034" name="Test" fullname="MoneySharp.Test" runstate="Runnable" testcasecount="25" result="Failed" site="Child" start-time="2016-09-01 14:39:10Z" end-time="2016-09-01 14:39:10Z" duration="0.672707" total="25" passed="24" failed="1" inconclusive="0" skipped="0" asserts="0">
        <failure>
          <message><![CDATA[One or more child tests had errors]]></message>
        </failure>
        <test-suite type="TestSuite" id="1035" name="Internal" fullname="MoneySharp.Test.Internal" runstate="Runnable" testcasecount="24" result="Passed" start-time="2016-09-01 14:39:10Z" end-time="2016-09-01 14:39:10Z" duration="0.557448" total="24" passed="24" failed="0" inconclusive="0" skipped="0" asserts="0">
          <test-suite type="TestFixture" id="1000" name="DefaultConnectorTest" fullname="MoneySharp.Test.Internal.DefaultConnectorTest" classname="MoneySharp.Test.Internal.DefaultConnectorTest" runstate="Runnable" testcasecount="5" result="Passed" start-time="2016-09-01 14:39:10Z" end-time="2016-09-01 14:39:10Z" duration="0.394248" total="5" passed="5" failed="0" inconclusive="0" skipped="0" asserts="0">
            <test-case id="1003" name="Create_Calls_RequestHelperAndClient_Returns_ResultFromResponse" fullname="MoneySharp.Test.Internal.DefaultConnectorTest.Create_Calls_RequestHelperAndClient_Returns_ResultFromResponse" methodname="Create_Calls_RequestHelperAndClient_Returns_ResultFromResponse" classname="MoneySharp.Test.Internal.DefaultConnectorTest" runstate="Runnable" seed="87005185" result="Passed" start-time="2016-09-01 14:39:10Z" end-time="2016-09-01 14:39:10Z" duration="0.336039" asserts="0" />
            <test-case id="1005" name="Delete_Calls_RequestHelpderAndClient" fullname="MoneySharp.Test.Internal.DefaultConnectorTest.Delete_Calls_RequestHelpderAndClient" methodname="Delete_Calls_RequestHelpderAndClient" classname="MoneySharp.Test.Internal.DefaultConnectorTest" runstate="Runnable" seed="1881091336" result="Passed" start-time="2016-09-01 14:39:10Z" end-time="2016-09-01 14:39:10Z" duration="0.008815" asserts="0" />
            <test-case id="1002" name="GetById_Calls_RequestHelperAndClient_Returns_ExpectedResult" fullname="MoneySharp.Test.Internal.DefaultConnectorTest.GetById_Calls_RequestHelperAndClient_Returns_ExpectedResult" methodname="GetById_Calls_RequestHelperAndClient_Returns_ExpectedResult" classname="MoneySharp.Test.Internal.DefaultConnectorTest" runstate="Runnable" seed="823901812" result="Passed" start-time="2016-09-01 14:39:10Z" end-time="2016-09-01 14:39:10Z" duration="0.007976" asserts="0" />
            <test-case id="1001" name="GetList_Calls_RequestHelperAndClient_Returns_ExpectedResult" fullname="MoneySharp.Test.Internal.DefaultConnectorTest.GetList_Calls_RequestHelperAndClient_Returns_ExpectedResult" methodname="GetList_Calls_RequestHelperAndClient_Returns_ExpectedResult" classname="MoneySharp.Test.Internal.DefaultConnectorTest" runstate="Runnable" seed="1651507060" result="Passed" start-time="2016-09-01 14:39:10Z" end-time="2016-09-01 14:39:10Z" duration="0.009002" asserts="0" />
            <test-case id="1004" name="Update_Calls_RequestHelperAndClient_Returns_ResultFromResponse" fullname="MoneySharp.Test.Internal.DefaultConnectorTest.Update_Calls_RequestHelperAndClient_Returns_ResultFromResponse" methodname="Update_Calls_RequestHelperAndClient_Returns_ResultFromResponse" classname="MoneySharp.Test.Internal.DefaultConnectorTest" runstate="Runnable" seed="938251396" result="Passed" start-time="2016-09-01 14:39:10Z" end-time="2016-09-01 14:39:10Z" duration="0.011609" asserts="0" />
          </test-suite>
          <test-suite type="TestSuite" id="1036" name="Helper" fullname="MoneySharp.Test.Internal.Helper" runstate="Runnable" testcasecount="19" result="Passed" start-time="2016-09-01 14:39:10Z" end-time="2016-09-01 14:39:10Z" duration="0.552942" total="19" passed="19" failed="0" inconclusive="0" skipped="0" asserts="0">
            <test-suite type="TestFixture" id="1006" name="ClientInitializerTest" fullname="MoneySharp.Test.Internal.Helper.ClientInitializerTest" classname="MoneySharp.Test.Internal.Helper.ClientInitializerTest" runstate="Runnable" testcasecount="2" result="Passed" start-time="2016-09-01 14:39:10Z" end-time="2016-09-01 14:39:10Z" duration="0.049073" total="2" passed="2" failed="0" inconclusive="0" skipped="0" asserts="0">
              <test-case id="1008" name="Get_Verify_DefaultHeaderAuthorization" fullname="MoneySharp.Test.Internal.Helper.ClientInitializerTest.Get_Verify_DefaultHeaderAuthorization" methodname="Get_Verify_DefaultHeaderAuthorization" classname="MoneySharp.Test.Internal.Helper.ClientInitializerTest" runstate="Runnable" seed="575842929" result="Passed" start-time="2016-09-01 14:39:10Z" end-time="2016-09-01 14:39:10Z" duration="0.028946" asserts="0" />
              <test-case id="1007" name="Get_Verify_Url" fullname="MoneySharp.Test.Internal.Helper.ClientInitializerTest.Get_Verify_Url" methodname="Get_Verify_Url" classname="MoneySharp.Test.Internal.Helper.ClientInitializerTest" runstate="Runnable" seed="796520058" result="Passed" start-time="2016-09-01 14:39:10Z" end-time="2016-09-01 14:39:10Z" duration="0.014556" asserts="0" />
            </test-suite>
            <test-suite type="TestFixture" id="1009" name="RequestHelperTest" fullname="MoneySharp.Test.Internal.Helper.RequestHelperTest" classname="MoneySharp.Test.Internal.Helper.RequestHelperTest" runstate="Runnable" testcasecount="17" result="Passed" start-time="2016-09-01 14:39:10Z" end-time="2016-09-01 14:39:10Z" duration="0.096077" total="17" passed="17" failed="0" inconclusive="0" skipped="0" asserts="0">
              <test-suite type="ParameterizedMethod" id="1022" name="BuildRequest_Method_Correctly" fullname="MoneySharp.Test.Internal.Helper.RequestHelperTest.BuildRequest_Method_Correctly" classname="MoneySharp.Test.Internal.Helper.RequestHelperTest" runstate="Runnable" testcasecount="5" result="Passed" start-time="2016-09-01 14:39:10Z" end-time="2016-09-01 14:39:10Z" duration="0.022528" total="5" passed="5" failed="0" inconclusive="0" skipped="0" asserts="0">
                <test-case id="1017" name="BuildRequest_Method_Correctly(GET)" fullname="MoneySharp.Test.Internal.Helper.RequestHelperTest.BuildRequest_Method_Correctly(GET)" methodname="BuildRequest_Method_Correctly" classname="MoneySharp.Test.Internal.Helper.RequestHelperTest" runstate="Runnable" seed="965224092" result="Passed" start-time="2016-09-01 14:39:10Z" end-time="2016-09-01 14:39:10Z" duration="0.004576" asserts="0" />
                <test-case id="1018" name="BuildRequest_Method_Correctly(DELETE)" fullname="MoneySharp.Test.Internal.Helper.RequestHelperTest.BuildRequest_Method_Correctly(DELETE)" methodname="BuildRequest_Method_Correctly" classname="MoneySharp.Test.Internal.Helper.RequestHelperTest" runstate="Runnable" seed="1864432429" result="Passed" start-time="2016-09-01 14:39:10Z" end-time="2016-09-01 14:39:10Z" duration="0.000192" asserts="0" />
                <test-case id="1019" name="BuildRequest_Method_Correctly(POST)" fullname="MoneySharp.Test.Internal.Helper.RequestHelperTest.BuildRequest_Method_Correctly(POST)" methodname="BuildRequest_Method_Correctly" classname="MoneySharp.Test.Internal.Helper.RequestHelperTest" runstate="Runnable" seed="1292788077" result="Passed" start-time="2016-09-01 14:39:10Z" end-time="2016-09-01 14:39:10Z" duration="0.000110" asserts="0" />
                <test-case id="1020" name="BuildRequest_Method_Correctly(PUT)" fullname="MoneySharp.Test.Internal.Helper.RequestHelperTest.BuildRequest_Method_Correctly(PUT)" methodname="BuildRequest_Method_Correctly" classname="MoneySharp.Test.Internal.Helper.RequestHelperTest" runstate="Runnable" seed="56752091" result="Passed" start-time="2016-09-01 14:39:10Z" end-time="2016-09-01 14:39:10Z" duration="0.000097" asserts="0" />
                <test-case id="1021" name="BuildRequest_Method_Correctly(PATCH)" fullname="MoneySharp.Test.Internal.Helper.RequestHelperTest.BuildRequest_Method_Correctly(PATCH)" methodname="BuildRequest_Method_Correctly" classname="MoneySharp.Test.Internal.Helper.RequestHelperTest" runstate="Runnable" seed="384382582" result="Passed" start-time="2016-09-01 14:39:10Z" end-time="2016-09-01 14:39:10Z" duration="0.000141" asserts="0" />
              </test-suite>
              <test-suite type="ParameterizedMethod" id="1026" name="BuildRequest_MethodWithData_SetJsonData" fullname="MoneySharp.Test.Internal.Helper.RequestHelperTest.BuildRequest_MethodWithData_SetJsonData" classname="MoneySharp.Test.Internal.Helper.RequestHelperTest" runstate="Runnable" testcasecount="3" result="Passed" start-time="2016-09-01 14:39:10Z" end-time="2016-09-01 14:39:10Z" duration="0.019012" total="3" passed="3" failed="0" inconclusive="0" skipped="0" asserts="0">
                <test-case id="1023" name="BuildRequest_MethodWithData_SetJsonData(POST,&quot;postdata&quot;)" fullname="MoneySharp.Test.Internal.Helper.RequestHelperTest.BuildRequest_MethodWithData_SetJsonData(POST,&quot;postdata&quot;)" methodname="BuildRequest_MethodWithData_SetJsonData" classname="MoneySharp.Test.Internal.Helper.RequestHelperTest" runstate="Runnable" seed="1501249944" result="Passed" start-time="2016-09-01 14:39:10Z" end-time="2016-09-01 14:39:10Z" duration="0.007622" asserts="0" />
                <test-case id="1024" name="BuildRequest_MethodWithData_SetJsonData(PATCH,&quot;patchdata&quot;)" fullname="MoneySharp.Test.Internal.Helper.RequestHelperTest.BuildRequest_MethodWithData_SetJsonData(PATCH,&quot;patchdata&quot;)" methodname="BuildRequest_MethodWithData_SetJsonData" classname="MoneySharp.Test.Internal.Helper.RequestHelperTest" runstate="Runnable" seed="1123498115" result="Passed" start-time="2016-09-01 14:39:10Z" end-time="2016-09-01 14:39:10Z" duration="0.000158" asserts="0" />
                <test-case id="1025" name="BuildRequest_MethodWithData_SetJsonData(PUT,&quot;putdata&quot;)" fullname="MoneySharp.Test.Internal.Helper.RequestHelperTest.BuildRequest_MethodWithData_SetJsonData(PUT,&quot;putdata&quot;)" methodname="BuildRequest_MethodWithData_SetJsonData" classname="MoneySharp.Test.Internal.Helper.RequestHelperTest" runstate="Runnable" seed="1931547118" result="Passed" start-time="2016-09-01 14:39:10Z" end-time="2016-09-01 14:39:10Z" duration="0.000115" asserts="0" />
              </test-suite>
              <test-suite type="ParameterizedMethod" id="1016" name="BuildRequest_Uri_Correctly" fullname="MoneySharp.Test.Internal.Helper.RequestHelperTest.BuildRequest_Uri_Correctly" classname="MoneySharp.Test.Internal.Helper.RequestHelperTest" runstate="Runnable" testcasecount="6" result="Passed" start-time="2016-09-01 14:39:10Z" end-time="2016-09-01 14:39:10Z" duration="0.024023" total="6" passed="6" failed="0" inconclusive="0" skipped="0" asserts="0">
                <test-case id="1010" name="BuildRequest_Uri_Correctly(GET,&quot;test.json&quot;)" fullname="MoneySharp.Test.Internal.Helper.RequestHelperTest.BuildRequest_Uri_Correctly(GET,&quot;test.json&quot;)" methodname="BuildRequest_Uri_Correctly" classname="MoneySharp.Test.Internal.Helper.RequestHelperTest" runstate="Runnable" seed="1618337901" result="Passed" start-time="2016-09-01 14:39:10Z" end-time="2016-09-01 14:39:10Z" duration="0.000487" asserts="0" />
                <test-case id="1011" name="BuildRequest_Uri_Correctly(DELETE,&quot;test.json&quot;)" fullname="MoneySharp.Test.Internal.Helper.RequestHelperTest.BuildRequest_Uri_Correctly(DELETE,&quot;test.json&quot;)" methodname="BuildRequest_Uri_Correctly" classname="MoneySharp.Test.Internal.Helper.RequestHelperTest" runstate="Runnable" seed="373954985" result="Passed" start-time="2016-09-01 14:39:10Z" end-time="2016-09-01 14:39:10Z" duration="0.000129" asserts="0" />
                <test-case id="1012" name="BuildRequest_Uri_Correctly(POST,&quot;test.json&quot;)" fullname="MoneySharp.Test.Internal.Helper.RequestHelperTest.BuildRequest_Uri_Correctly(POST,&quot;test.json&quot;)" methodname="BuildRequest_Uri_Correctly" classname="MoneySharp.Test.Internal.Helper.RequestHelperTest" runstate="Runnable" seed="1192853592" result="Passed" start-time="2016-09-01 14:39:10Z" end-time="2016-09-01 14:39:10Z" duration="0.000122" asserts="0" />
                <test-case id="1013" name="BuildRequest_Uri_Correctly(PATCH,&quot;test.xml&quot;)" fullname="MoneySharp.Test.Internal.Helper.RequestHelperTest.BuildRequest_Uri_Correctly(PATCH,&quot;test.xml&quot;)" methodname="BuildRequest_Uri_Correctly" classname="MoneySharp.Test.Internal.Helper.RequestHelperTest" runstate="Runnable" seed="975831065" result="Passed" start-time="2016-09-01 14:39:10Z" end-time="2016-09-01 14:39:10Z" duration="0.000194" asserts="0" />
                <test-case id="1014" name="BuildRequest_Uri_Correctly(PUT,&quot;test.xml&quot;)" fullname="MoneySharp.Test.Internal.Helper.RequestHelperTest.BuildRequest_Uri_Correctly(PUT,&quot;test.xml&quot;)" methodname="BuildRequest_Uri_Correctly" classname="MoneySharp.Test.Internal.Helper.RequestHelperTest" runstate="Runnable" seed="375755258" result="Passed" start-time="2016-09-01 14:39:10Z" end-time="2016-09-01 14:39:10Z" duration="0.000144" asserts="0" />
                <test-case id="1015" name="BuildRequest_Uri_Correctly(HEAD,&quot;test.json&quot;)" fullname="MoneySharp.Test.Internal.Helper.RequestHelperTest.BuildRequest_Uri_Correctly(HEAD,&quot;test.json&quot;)" methodname="BuildRequest_Uri_Correctly" classname="MoneySharp.Test.Internal.Helper.RequestHelperTest" runstate="Runnable" seed="201768079" result="Passed" start-time="2016-09-01 14:39:10Z" end-time="2016-09-01 14:39:10Z" duration="0.000204" asserts="0" />
              </test-suite>
              <test-case id="1027" name="CheckResult_Forbidden_Throws_RateLimitExceededException" fullname="MoneySharp.Test.Internal.Helper.RequestHelperTest.CheckResult_Forbidden_Throws_RateLimitExceededException" methodname="CheckResult_Forbidden_Throws_RateLimitExceededException" classname="MoneySharp.Test.Internal.Helper.RequestHelperTest" runstate="Runnable" seed="1446647803" result="Passed" start-time="2016-09-01 14:39:10Z" end-time="2016-09-01 14:39:10Z" duration="0.006975" asserts="0" />
              <test-case id="1029" name="CheckResult_NotFound_Throws_KeyNotFoundException" fullname="MoneySharp.Test.Internal.Helper.RequestHelperTest.CheckResult_NotFound_Throws_KeyNotFoundException" methodname="CheckResult_NotFound_Throws_KeyNotFoundException" classname="MoneySharp.Test.Internal.Helper.RequestHelperTest" runstate="Runnable" seed="1927560225" result="Passed" start-time="2016-09-01 14:39:10Z" end-time="2016-09-01 14:39:10Z" duration="0.001244" asserts="0" />
              <test-case id="1028" name="CheckResult_Unauthorized_Throws_UnauthorizedException" fullname="MoneySharp.Test.Internal.Helper.RequestHelperTest.CheckResult_Unauthorized_Throws_UnauthorizedException" methodname="CheckResult_Unauthorized_Throws_UnauthorizedException" classname="MoneySharp.Test.Internal.Helper.RequestHelperTest" runstate="Runnable" seed="26574602" result="Passed" start-time="2016-09-01 14:39:10Z" end-time="2016-09-01 14:39:10Z" duration="0.000667" asserts="0" />
            </test-suite>
          </test-suite>
        </test-suite>
        <test-suite type="TestSuite" id="1037" name="NET45" fullname="MoneySharp.Test.NET45" runstate="Runnable" testcasecount="1" result="Failed" site="Child" start-time="2016-09-01 14:39:10Z" end-time="2016-09-01 14:39:10Z" duration="0.664208" total="1" passed="0" failed="1" inconclusive="0" skipped="0" asserts="0">
          <failure>
            <message><![CDATA[One or more child tests had errors]]></message>
          </failure>
          <test-suite type="TestSuite" id="1038" name="Container_Integrations" fullname="MoneySharp.Test.NET45.Container_Integrations" runstate="Runnable" testcasecount="1" result="Failed" site="Child" start-time="2016-09-01 14:39:10Z" end-time="2016-09-01 14:39:10Z" duration="0.660722" total="1" passed="0" failed="1" inconclusive="0" skipped="0" asserts="0">
            <failure>
              <message><![CDATA[One or more child tests had errors]]></message>
            </failure>
            <test-suite type="TestFixture" id="1030" name="SimpleInjectorContainerTest" fullname="MoneySharp.Test.NET45.Container_Integrations.SimpleInjectorContainerTest" classname="MoneySharp.Test.NET45.Container_Integrations.SimpleInjectorContainerTest" runstate="Runnable" testcasecount="1" result="Failed" site="Child" start-time="2016-09-01 14:39:10Z" end-time="2016-09-01 14:39:10Z" duration="0.105799" total="1" passed="0" failed="1" inconclusive="0" skipped="0" asserts="0">
              <failure>
                <message><![CDATA[One or more child tests had errors]]></message>
              </failure>
              <test-case id="1031" name="VerifyContainer" fullname="MoneySharp.Test.NET45.Container_Integrations.SimpleInjectorContainerTest.VerifyContainer" methodname="VerifyContainer" classname="MoneySharp.Test.NET45.Container_Integrations.SimpleInjectorContainerTest" runstate="Runnable" seed="1807654429" result="Failed" label="Error" start-time="2016-09-01 14:39:10Z" end-time="2016-09-01 14:39:10Z" duration="0.103195" asserts="0">
                <failure>
                  <message><![CDATA[System.InvalidOperationException : The configuration is invalid. Creating the instance for type IMoneyBirdClient failed. The constructor of type MoneyBirdClient contains the parameter with name 'settingsProvider' and type ISettingsProvider that is not registered. Please ensure ISettingsProvider is registered, or change the constructor of MoneyBirdClient.
  ----> SimpleInjector.ActivationException : The constructor of type MoneyBirdClient contains the parameter with name 'settingsProvider' and type ISettingsProvider that is not registered. Please ensure ISettingsProvider is registered, or change the constructor of MoneyBirdClient.]]></message>
                  <stack-trace><![CDATA[   at SimpleInjector.InstanceProducer.VerifyExpressionBuilding()
   at SimpleInjector.Container.VerifyThatAllExpressionsCanBeBuilt(InstanceProducer[] producersToVerify)
   at SimpleInjector.Container.VerifyThatAllExpressionsCanBeBuilt()
   at SimpleInjector.Container.VerifyInternal(Boolean suppressLifestyleMismatchVerification)
   at SimpleInjector.Container.Verify()
   at MoneySharp.Test.NET45.Container_Integrations.SimpleInjectorContainerTest.VerifyContainer() in C:\projects\moneysharp\test\MoneySharp.Test\Container Integrations\SimpleInjectorContainerTest.cs:line 23
--ActivationException
   at SimpleInjector.Container.ThrowParameterTypeMustBeRegistered(InjectionTargetInfo target)
   at SimpleInjector.Advanced.DefaultDependencyInjectionBehavior.GetInstanceProducerFor(InjectionConsumerInfo consumer)
   at SimpleInjector.Advanced.DefaultDependencyInjectionBehavior.BuildExpression(InjectionConsumerInfo consumer)
   at SimpleInjector.ContainerOptions.BuildParameterExpression(Type serviceType, Type implementationType, ParameterInfo parameter)
   at SimpleInjector.Registration.BuildConstructorParameters(Type serviceType, Type implementationType, ConstructorInfo constructor)
   at SimpleInjector.Registration.BuildNewExpression(Type serviceType, Type implementationType)
   at SimpleInjector.Registration.BuildTransientExpression[TService,TImplementation]()
   at SimpleInjector.Registration.BuildExpression(InstanceProducer producer)
   at SimpleInjector.InstanceProducer.BuildExpressionInternal()
   at System.Lazy`1.CreateValue()
   at System.Lazy`1.LazyInitValue()
   at SimpleInjector.InstanceProducer.BuildExpression()
   at SimpleInjector.InstanceProducer.VerifyExpressionBuilding()]]></stack-trace>
                </failure>
              </test-case>
            </test-suite>
          </test-suite>
        </test-suite>
      </test-suite>
    </test-suite>
  </test-suite>
</test-run>